c:\users\msi -\documents\visual studio 2015\projects\labs\preypredatormpi\preypredatormpi\debug\preypredatormpi.pch
c:\users\msi -\documents\visual studio 2015\projects\labs\preypredatormpi\preypredatormpi\debug\vc140.pdb
c:\users\msi -\documents\visual studio 2015\projects\labs\preypredatormpi\preypredatormpi\debug\stdafx.obj
c:\users\msi -\documents\visual studio 2015\projects\labs\preypredatormpi\preypredatormpi\debug\assemblyinfo.obj
c:\users\msi -\documents\visual studio 2015\projects\labs\preypredatormpi\preypredatormpi\debug\preypredatormpi.obj
c:\users\msi -\documents\visual studio 2015\projects\labs\preypredatormpi\preypredatormpi\debug\.netframework,version=v4.5.2.assemblyattributes.obj
c:\users\msi -\documents\visual studio 2015\projects\labs\preypredatormpi\preypredatormpi\debug\.netframework,version=v4.5.2.assemblyattributes.asm
c:\users\msi -\documents\visual studio 2015\projects\labs\preypredatormpi\debug\preypredatormpi.exe
c:\users\msi -\documents\visual studio 2015\projects\labs\preypredatormpi\debug\preypredatormpi.pdb
c:\users\msi -\documents\visual studio 2015\projects\labs\preypredatormpi\preypredatormpi\debug\app.res
c:\users\msi -\documents\visual studio 2015\projects\labs\preypredatormpi\preypredatormpi\debug\preypredatormpi.vcxprojresolveassemblyreference.cache
c:\users\msi -\documents\visual studio 2015\projects\labs\preypredatormpi\preypredatormpi\debug\preypredatormpi.tlog\cl.command.1.tlog
c:\users\msi -\documents\visual studio 2015\projects\labs\preypredatormpi\preypredatormpi\debug\preypredatormpi.tlog\cl.read.1.tlog
c:\users\msi -\documents\visual studio 2015\projects\labs\preypredatormpi\preypredatormpi\debug\preypredatormpi.tlog\cl.write.1.tlog
c:\users\msi -\documents\visual studio 2015\projects\labs\preypredatormpi\preypredatormpi\debug\preypredatormpi.tlog\link.command.1.tlog
c:\users\msi -\documents\visual studio 2015\projects\labs\preypredatormpi\preypredatormpi\debug\preypredatormpi.tlog\link.read.1.tlog
c:\users\msi -\documents\visual studio 2015\projects\labs\preypredatormpi\preypredatormpi\debug\preypredatormpi.tlog\link.write.1.tlog
c:\users\msi -\documents\visual studio 2015\projects\labs\preypredatormpi\preypredatormpi\debug\preypredatormpi.tlog\metagen.read.1.tlog
c:\users\msi -\documents\visual studio 2015\projects\labs\preypredatormpi\preypredatormpi\debug\preypredatormpi.tlog\metagen.write.1.tlog
c:\users\msi -\documents\visual studio 2015\projects\labs\preypredatormpi\preypredatormpi\debug\preypredatormpi.tlog\rc.command.1.tlog
c:\users\msi -\documents\visual studio 2015\projects\labs\preypredatormpi\preypredatormpi\debug\preypredatormpi.tlog\rc.read.1.tlog
c:\users\msi -\documents\visual studio 2015\projects\labs\preypredatormpi\preypredatormpi\debug\preypredatormpi.tlog\rc.write.1.tlog
c:\users\msi -\documents\visual studio 2015\projects\labs\preypredatormpi\preypredatormpi\debug\preypredatormpi.tlog\tzres.dll.bi
